g:\datasets\qtprojects\server\gateserver\gateserver\x64\debug\vc143.pdb
g:\datasets\qtprojects\server\gateserver\gateserver\x64\debug\vc143.idb
g:\datasets\qtprojects\server\gateserver\gateserver\x64\debug\verifygrpcclient.obj
g:\datasets\qtprojects\server\gateserver\gateserver\x64\debug\message.pb.obj
g:\datasets\qtprojects\server\gateserver\gateserver\x64\debug\message.grpc.pb.obj
g:\datasets\qtprojects\server\gateserver\gateserver\x64\debug\logicsystem.obj
g:\datasets\qtprojects\server\gateserver\gateserver\x64\debug\httpconnection.obj
g:\datasets\qtprojects\server\gateserver\gateserver\x64\debug\gateserver.obj
g:\datasets\qtprojects\server\gateserver\gateserver\x64\debug\cserver.obj
g:\datasets\qtprojects\server\gateserver\gateserver\x64\debug\configmgr.obj
g:\datasets\qtprojects\server\gateserver\gateserver\x64\debug\asioioservicepool.obj
g:\datasets\qtprojects\server\gateserver\gateserver\x64\debug\gateserver.ilk
g:\datasets\qtprojects\server\gateserver\x64\debug\gateserver.pdb
g:\datasets\qtprojects\server\gateserver\gateserver\x64\debug\gateserver.tlog\cl.command.1.tlog
g:\datasets\qtprojects\server\gateserver\gateserver\x64\debug\gateserver.tlog\cl.items.tlog
g:\datasets\qtprojects\server\gateserver\gateserver\x64\debug\gateserver.tlog\cl.read.1.tlog
g:\datasets\qtprojects\server\gateserver\gateserver\x64\debug\gateserver.tlog\cl.write.1.tlog
g:\datasets\qtprojects\server\gateserver\gateserver\x64\debug\gateserver.tlog\link.9456-cvtres.read.1.tlog
g:\datasets\qtprojects\server\gateserver\gateserver\x64\debug\gateserver.tlog\link.9456-cvtres.write.1.tlog
g:\datasets\qtprojects\server\gateserver\gateserver\x64\debug\gateserver.tlog\link.9456-rc.read.1.tlog
g:\datasets\qtprojects\server\gateserver\gateserver\x64\debug\gateserver.tlog\link.9456-rc.write.1.tlog
g:\datasets\qtprojects\server\gateserver\gateserver\x64\debug\gateserver.tlog\link.9456.read.1.tlog
g:\datasets\qtprojects\server\gateserver\gateserver\x64\debug\gateserver.tlog\link.9456.read.2.tlog
g:\datasets\qtprojects\server\gateserver\gateserver\x64\debug\gateserver.tlog\link.9456.read.3.tlog
g:\datasets\qtprojects\server\gateserver\gateserver\x64\debug\gateserver.tlog\link.9456.read.5.tlog
g:\datasets\qtprojects\server\gateserver\gateserver\x64\debug\gateserver.tlog\link.9456.write.1.tlog
g:\datasets\qtprojects\server\gateserver\gateserver\x64\debug\gateserver.tlog\link.command.1.tlog
g:\datasets\qtprojects\server\gateserver\gateserver\x64\debug\gateserver.tlog\link.read.1.tlog
g:\datasets\qtprojects\server\gateserver\gateserver\x64\debug\gateserver.tlog\link.secondary.1.tlog
g:\datasets\qtprojects\server\gateserver\gateserver\x64\debug\gateserver.tlog\link.write.1.tlog
